<?xml version="1.0" encoding="UTF-8"?>
<testsuite name="edu.du.prototype_pyl.PrototypePylApplicationTests" tests="1" skipped="0" failures="0" errors="0" timestamp="2025-04-16T05:22:20.972Z" hostname="DESKTOP-2AMRE7T" time="0.412">
  <properties/>
  <testcase name="contextLoads()" classname="edu.du.prototype_pyl.PrototypePylApplicationTests" time="0.412"/>
  <system-out><![CDATA[14:22:18.170 [Test worker] INFO org.springframework.test.context.support.AnnotationConfigContextLoaderUtils -- Could not detect default configuration classes for test class [edu.du.prototype_pyl.PrototypePylApplicationTests]: PrototypePylApplicationTests does not declare any static, non-private, non-final, nested classes annotated with @Configuration.
14:22:18.246 [Test worker] INFO org.springframework.boot.test.context.SpringBootTestContextBootstrapper -- Found @SpringBootConfiguration edu.du.prototype_pyl.PrototypePylApplication for test class edu.du.prototype_pyl.PrototypePylApplicationTests

  .   ____          _            __ _ _
 /\\ / ___'_ __ _ _(_)_ __  __ _ \ \ \ \
( ( )\___ | '_ | '_| | '_ \/ _` | \ \ \ \
 \\/  ___)| |_)| | | | | || (_| |  ) ) ) )
  '  |____| .__|_| |_|_| |_\__, | / / / /
 =========|_|==============|___/=/_/_/_/

 :: Spring Boot ::                (v3.4.4)

2025-04-16T14:22:18.508+09:00  INFO 13636 --- [prototype_pyl] [    Test worker] e.d.p.PrototypePylApplicationTests       : Starting PrototypePylApplicationTests using Java 17.0.12 with PID 13636 (started by DU in C:\PYL\WebProjects\prototype_pyl)
2025-04-16T14:22:18.508+09:00  INFO 13636 --- [prototype_pyl] [    Test worker] e.d.p.PrototypePylApplicationTests       : No active profile set, falling back to 1 default profile: "default"
2025-04-16T14:22:18.913+09:00  INFO 13636 --- [prototype_pyl] [    Test worker] .s.d.r.c.RepositoryConfigurationDelegate : Bootstrapping Spring Data JPA repositories in DEFAULT mode.
2025-04-16T14:22:18.965+09:00  INFO 13636 --- [prototype_pyl] [    Test worker] .s.d.r.c.RepositoryConfigurationDelegate : Finished Spring Data repository scanning in 42 ms. Found 2 JPA repository interfaces.
2025-04-16T14:22:19.235+09:00  INFO 13636 --- [prototype_pyl] [    Test worker] o.hibernate.jpa.internal.util.LogHelper  : HHH000204: Processing PersistenceUnitInfo [name: default]
2025-04-16T14:22:19.272+09:00  INFO 13636 --- [prototype_pyl] [    Test worker] org.hibernate.Version                    : HHH000412: Hibernate ORM core version 6.6.11.Final
2025-04-16T14:22:19.298+09:00  INFO 13636 --- [prototype_pyl] [    Test worker] o.h.c.internal.RegionFactoryInitiator    : HHH000026: Second-level cache disabled
2025-04-16T14:22:19.504+09:00  INFO 13636 --- [prototype_pyl] [    Test worker] o.s.o.j.p.SpringPersistenceUnitInfo      : No LoadTimeWeaver setup: ignoring JPA class transformer
2025-04-16T14:22:19.526+09:00  INFO 13636 --- [prototype_pyl] [    Test worker] com.zaxxer.hikari.HikariDataSource       : HikariPool-1 - Starting...
2025-04-16T14:22:19.630+09:00  INFO 13636 --- [prototype_pyl] [    Test worker] com.zaxxer.hikari.pool.HikariPool        : HikariPool-1 - Added connection conn0: url=jdbc:h2:mem:testdb user=SA
2025-04-16T14:22:19.631+09:00  INFO 13636 --- [prototype_pyl] [    Test worker] com.zaxxer.hikari.HikariDataSource       : HikariPool-1 - Start completed.
2025-04-16T14:22:19.649+09:00  WARN 13636 --- [prototype_pyl] [    Test worker] org.hibernate.orm.deprecation            : HHH90000025: H2Dialect does not need to be specified explicitly using 'hibernate.dialect' (remove the property setting and it will be selected by default)
2025-04-16T14:22:19.662+09:00  INFO 13636 --- [prototype_pyl] [    Test worker] org.hibernate.orm.connections.pooling    : HHH10001005: Database info:
	Database JDBC URL [Connecting through datasource 'HikariDataSource (HikariPool-1)']
	Database driver: undefined/unknown
	Database version: 2.3.232
	Autocommit mode: undefined/unknown
	Isolation level: undefined/unknown
	Minimum pool size: undefined/unknown
	Maximum pool size: undefined/unknown
2025-04-16T14:22:20.172+09:00  INFO 13636 --- [prototype_pyl] [    Test worker] o.h.e.t.j.p.i.JtaPlatformInitiator       : HHH000489: No JTA platform available (set 'hibernate.transaction.jta.platform' to enable JTA platform integration)
Hibernate: 
    drop table if exists application cascade 
Hibernate: 
    drop table if exists campaign cascade 
Hibernate: 
    drop table if exists reviewer cascade 
Hibernate: 
    create table application (
        campaign_id bigint not null,
        id bigint generated by default as identity,
        reviewer_id bigint not null,
        phone varchar(255) not null,
        reviewer_nickname varchar(255) not null,
        sns_url varchar(255),
        text varchar(255) not null,
        status enum ('당첨','미당첨','신청대기','신청취소') not null,
        primary key (id)
    )
Hibernate: 
    create table campaign (
        application_deadline date not null,
        quota integer not null,
        recruit_active boolean not null,
        review_active boolean not null,
        review_deadline date not null,
        id bigint generated by default as identity,
        category varchar(255) not null,
        description varchar(255) not null,
        product_name varchar(255) not null,
        title varchar(255) not null,
        primary key (id)
    )
Hibernate: 
    create table reviewer (
        id bigint generated by default as identity,
        blog_url varchar(255),
        email varchar(255) not null,
        instagram_url varchar(255),
        nickname varchar(255) not null,
        phone varchar(255) not null,
        primary key (id)
    )
2025-04-16T14:22:20.200+09:00  INFO 13636 --- [prototype_pyl] [    Test worker] j.LocalContainerEntityManagerFactoryBean : Initialized JPA EntityManagerFactory for persistence unit 'default'
2025-04-16T14:22:20.557+09:00  WARN 13636 --- [prototype_pyl] [    Test worker] JpaBaseConfiguration$JpaWebConfiguration : spring.jpa.open-in-view is enabled by default. Therefore, database queries may be performed during view rendering. Explicitly configure spring.jpa.open-in-view to disable this warning
2025-04-16T14:22:20.872+09:00  INFO 13636 --- [prototype_pyl] [    Test worker] o.s.b.a.h2.H2ConsoleAutoConfiguration    : H2 console available at '/h2-console'. Database available at 'jdbc:h2:mem:testdb'
2025-04-16T14:22:20.953+09:00  INFO 13636 --- [prototype_pyl] [    Test worker] e.d.p.PrototypePylApplicationTests       : Started PrototypePylApplicationTests in 2.61 seconds (process running for 3.314)
Hibernate: 
    select
        a1_0.id,
        a1_0.campaign_id,
        a1_0.phone,
        a1_0.reviewer_id,
        a1_0.reviewer_nickname,
        a1_0.sns_url,
        a1_0.status,
        a1_0.text 
    from
        application a1_0 
    where
        a1_0.reviewer_id=?
[Application(id=1, campaignId=1, reviewerId=1, reviewerNickname=reviewer_yo, phone=010-1234-5678, snsUrl=https://instagram.com/reviewer_yo, text=여름엔 선풍기가 필수죠!, status=신청대기), Application(id=2, campaignId=3, reviewerId=1, reviewerNickname=reviewer_yo, phone=010-1234-5678, snsUrl=https://instagram.com/reviewer_yo, text=운동 후 간식 리뷰 자신 있어요., status=신청대기), Application(id=3, campaignId=6, reviewerId=1, reviewerNickname=reviewer_yo, phone=010-1234-5678, snsUrl=https://instagram.com/reviewer_yo, text=드립백 커피 너무 좋아해요., status=신청대기)]
]]></system-out>
  <system-err><![CDATA[]]></system-err>
</testsuite>
